<?xml version='1.0' encoding='UTF-8'?>
<testsuite hostname="DESKTOP-GHBJG75" name="Test" tests="6" errors="0" failures="0" skipped="0" time="0.005" timestamp="2024-06-12T02:09:59">
          <properties>
      <property name="java.specification.version" value="20"/><property name="sun.cpu.isalist" value="amd64"/><property name="sun.jnu.encoding" value="Cp1251"/><property name="sun.arch.data.model" value="64"/><property name="sbt.supershell" value="false"/><property name="java.vendor.url" value="https://aws.amazon.com/corretto/"/><property name="sun.boot.library.path" value="C:\Users\Kiril\.jdks\corretto-20.0.2.1\bin"/><property name="sun.java.command" value="C:\Users\Kiril\AppData\Roaming\JetBrains\IdeaIC2024.1\plugins\Scala\launcher\sbt-launch.jar early(addPluginSbtFile=&quot;&quot;&quot;C:\Users\Kiril\AppData\Local\Temp\idea10.sbt&quot;&quot;&quot;) ; set ideaPort in Global := 60874 ; idea-shell"/><property name="jdk.debug" value="release"/><property name="sun.stderr.encoding" value="windows-1251"/><property name="java.specification.vendor" value="Oracle Corporation"/><property name="java.version.date" value="2023-08-22"/><property name="java.home" value="C:\Users\Kiril\.jdks\corretto-20.0.2.1"/><property name="file.separator" value="\"/><property name="java.vm.compressedOopsMode" value="32-bit"/><property name="sun.stdout.encoding" value="windows-1251"/><property name="line.separator" value="
"/><property name="java.vm.specification.vendor" value="Oracle Corporation"/><property name="java.specification.name" value="Java Platform API Specification"/><property name="idea.installation.dir" value="C:\Program Files\JetBrains\IntelliJ IDEA Community Edition 2024.1.3"/><property name="user.script" value=""/><property name="sun.management.compiler" value="HotSpot 64-Bit Tiered Compilers"/><property name="java.runtime.version" value="20.0.2.1+10-FR"/><property name="user.name" value="Kiril"/><property name="log4j.ignoreTCL" value="true"/><property name="file.encoding" value="UTF-8"/><property name="jnidispatch.path" value="C:\Users\Kiril\AppData\Local\Temp\jna-72505047\jna3447641037370821717.dll"/><property name="java.vendor.version" value="Corretto-20.0.2.10.1"/><property name="jna.loaded" value="true"/><property name="java.io.tmpdir" value="C:\Users\Kiril\AppData\Local\Temp\"/><property name="java.version" value="20.0.2.1"/><property name="java.vm.specification.name" value="Java Virtual Machine Specification"/><property name="sun.os.patch.level" value=""/><property name="native.encoding" value="Cp1251"/><property name="java.library.path" value="C:\Users\Kiril\.jdks\corretto-20.0.2.1\bin;C:\WINDOWS\Sun\Java\bin;C:\WINDOWS\system32;C:\WINDOWS;C:\Program Files\Common Files\Oracle\Java\javapath;C:\Python311\Scripts\;C:\Python311\;C:\Program Files (x86)\Common Files\Oracle\Java\javapath;C:\WINDOWS\system32;C:\WINDOWS;C:\WINDOWS\System32\Wbem;C:\WINDOWS\System32\WindowsPowerShell\v1.0\;C:\WINDOWS\System32\OpenSSH\;C:\Program Files (x86)\NVIDIA Corporation\PhysX\Common;C:\Program Files\NVIDIA Corporation\NVIDIA NvDLISR;C:\ProgramData\chocolatey\bin;C:\Program Files\Git\cmd;C:\Program Files\dotnet\;C:\Program Files (x86)\scala\bin;C:\Program Files (x86)\sbt\bin;C:\Program Files\nodejs\;C:\Users\Kiril\AppData\Local\Microsoft\WindowsApps;;."/><property name="stderr.encoding" value="windows-1251"/><property name="java.vendor" value="Amazon.com Inc."/><property name="sun.io.unicode.encoding" value="UnicodeLittle"/><property name="java.class.path" value="C:\Users\Kiril\AppData\Roaming\JetBrains\IdeaIC2024.1\plugins\Scala\launcher\sbt-launch.jar"/><property name="java.vm.vendor" value="Amazon.com Inc."/><property name="user.variant" value=""/><property name="jline.shutdownhook" value="false"/><property name="user.timezone" value="Asia/Yekaterinburg"/><property name="java.vm.specification.version" value="20"/><property name="os.name" value="Windows 10"/><property name="sun.java.launcher" value="SUN_STANDARD"/><property name="user.country" value="RU"/><property name="sun.cpu.endian" value="little"/><property name="user.home" value="C:\Users\Kiril"/><property name="user.language" value="ru"/><property name="sbt.ipcsocket.tmpdir" value="C:\Users\Kiril\AppData\Local\Temp\.sbtedfff2c2\ipcsocket"/><property name="swoval.tmpdir" value="C:\Users\Kiril\AppData\Local\Temp\.sbtedfff2c2\swoval"/><property name="jline.esc.timeout" value="0"/><property name="stdout.encoding" value="windows-1251"/><property name="path.separator" value=";"/><property name="os.version" value="10.0"/><property name="jna.nosys" value="true"/><property name="java.runtime.name" value="OpenJDK Runtime Environment"/><property name="sbt.log.noformat" value="true"/><property name="java.vm.name" value="OpenJDK 64-Bit Server VM"/><property name="java.vendor.url.bug" value="https://github.com/corretto/corretto-20/issues/"/><property name="user.dir" value="C:\Users\Kiril\Desktop\homework_2"/><property name="os.arch" value="amd64"/><property name="grouping.with.qualified.names.enabled" value="true"/><property name="idea.managed" value="true"/><property name="java.vm.info" value="mixed mode, sharing"/><property name="java.vm.version" value="20.0.2.1+10-FR"/><property name="java.class.version" value="64.0"/>
    </properties>
          <testcase classname="Test" name="test_divBy3Or7" time="0.005">
                      
                    </testcase><testcase classname="Test" name="test_sumOfDivBy3Or5" time="0.0">
                      
                    </testcase><testcase classname="Test" name="test_primeFactor" time="0.0">
                      
                    </testcase><testcase classname="Test" name="test_sumScalars" time="0.0">
                      
                    </testcase><testcase classname="Test" name="test_sumCosines" time="0.0">
                      
                    </testcase><testcase classname="Test" name="test_sortByHeavyweight" time="0.0">
                      
                    </testcase>
          <system-out><![CDATA[]]></system-out>
          <system-err><![CDATA[]]></system-err>
        </testsuite>